2025-06-15T15:18:52.600+07:00  INFO 30376 --- [ScreenOutdoor] [main] c.e.S.ScreenOutdoorApplicationTests      : Starting ScreenOutdoorApplicationTests using Java 23.0.2 with PID 30376 (started by Admin in E:\SpringBoot\ScreenOutdoor\ScreenOutdoor)
2025-06-15T15:18:52.609+07:00  INFO 30376 --- [ScreenOutdoor] [main] c.e.S.ScreenOutdoorApplicationTests      : No active profile set, falling back to 1 default profile: "default"
2025-06-15T15:18:53.310+07:00  INFO 30376 --- [ScreenOutdoor] [main] .s.d.r.c.RepositoryConfigurationDelegate : Multiple Spring Data modules found, entering strict repository configuration mode
2025-06-15T15:18:53.311+07:00  INFO 30376 --- [ScreenOutdoor] [main] .s.d.r.c.RepositoryConfigurationDelegate : Bootstrapping Spring Data JDBC repositories in DEFAULT mode.
2025-06-15T15:18:53.334+07:00  INFO 30376 --- [ScreenOutdoor] [main] .s.d.r.c.RepositoryConfigurationDelegate : Finished Spring Data repository scanning in 17 ms. Found 0 JDBC repository interfaces.
2025-06-15T15:18:53.355+07:00  INFO 30376 --- [ScreenOutdoor] [main] .s.d.r.c.RepositoryConfigurationDelegate : Multiple Spring Data modules found, entering strict repository configuration mode
2025-06-15T15:18:53.356+07:00  INFO 30376 --- [ScreenOutdoor] [main] .s.d.r.c.RepositoryConfigurationDelegate : Bootstrapping Spring Data JPA repositories in DEFAULT mode.
2025-06-15T15:18:53.365+07:00  INFO 30376 --- [ScreenOutdoor] [main] .s.d.r.c.RepositoryConfigurationDelegate : Finished Spring Data repository scanning in 4 ms. Found 0 JPA repository interfaces.
2025-06-15T15:18:53.822+07:00  INFO 30376 --- [ScreenOutdoor] [main] com.zaxxer.hikari.HikariDataSource       : HikariPool-1 - Starting...
2025-06-15T15:18:54.248+07:00  INFO 30376 --- [ScreenOutdoor] [main] com.zaxxer.hikari.pool.HikariPool        : HikariPool-1 - Added connection ConnectionID:1 ClientConnectionId: 6a6ff243-489b-4330-a575-b92b97447311
2025-06-15T15:18:54.250+07:00  INFO 30376 --- [ScreenOutdoor] [main] com.zaxxer.hikari.HikariDataSource       : HikariPool-1 - Start completed.
2025-06-15T15:18:54.299+07:00  INFO 30376 --- [ScreenOutdoor] [main] o.hibernate.jpa.internal.util.LogHelper  : HHH000204: Processing PersistenceUnitInfo [name: default]
2025-06-15T15:18:54.354+07:00  INFO 30376 --- [ScreenOutdoor] [main] org.hibernate.Version                    : HHH000412: Hibernate ORM core version 6.5.3.Final
2025-06-15T15:18:54.401+07:00  INFO 30376 --- [ScreenOutdoor] [main] o.h.c.internal.RegionFactoryInitiator    : HHH000026: Second-level cache disabled
2025-06-15T15:18:54.770+07:00  INFO 30376 --- [ScreenOutdoor] [main] o.s.o.j.p.SpringPersistenceUnitInfo      : No LoadTimeWeaver setup: ignoring JPA class transformer
2025-06-15T15:18:55.243+07:00  INFO 30376 --- [ScreenOutdoor] [main] o.h.e.t.j.p.i.JtaPlatformInitiator       : HHH000489: No JTA platform available (set 'hibernate.transaction.jta.platform' to enable JTA platform integration)
2025-06-15T15:18:55.248+07:00  INFO 30376 --- [ScreenOutdoor] [main] j.LocalContainerEntityManagerFactoryBean : Initialized JPA EntityManagerFactory for persistence unit 'default'
2025-06-15T15:18:55.520+07:00  WARN 30376 --- [ScreenOutdoor] [main] JpaBaseConfiguration$JpaWebConfiguration : spring.jpa.open-in-view is enabled by default. Therefore, database queries may be performed during view rendering. Explicitly configure spring.jpa.open-in-view to disable this warning
2025-06-15T15:18:55.557+07:00  INFO 30376 --- [ScreenOutdoor] [main] o.s.b.a.w.s.WelcomePageHandlerMapping    : Adding welcome page template: index
2025-06-15T15:18:56.012+07:00  WARN 30376 --- [ScreenOutdoor] [main] o.s.data.convert.CustomConversions       : Registering converter from class microsoft.sql.DateTimeOffset to class java.time.OffsetDateTime as reading converter although it doesn't convert from a store-supported type; You might want to check your annotation setup at the converter implementation
2025-06-15T15:18:56.198+07:00  INFO 30376 --- [ScreenOutdoor] [main] c.e.S.ScreenOutdoorApplicationTests      : Started ScreenOutdoorApplicationTests in 3.913 seconds (process running for 4.885)
2025-06-15T15:18:57.056+07:00  INFO 30376 --- [ScreenOutdoor] [SpringApplicationShutdownHook] j.LocalContainerEntityManagerFactoryBean : Closing JPA EntityManagerFactory for persistence unit 'default'
2025-06-15T15:18:57.060+07:00  INFO 30376 --- [ScreenOutdoor] [SpringApplicationShutdownHook] com.zaxxer.hikari.HikariDataSource       : HikariPool-1 - Shutdown initiated...
2025-06-15T15:18:57.070+07:00  INFO 30376 --- [ScreenOutdoor] [SpringApplicationShutdownHook] com.zaxxer.hikari.HikariDataSource       : HikariPool-1 - Shutdown completed.
2025-06-15T15:39:17.202+07:00  INFO 30056 --- [ScreenOutdoor] [main] c.e.S.ScreenOutdoorApplicationTests      : Starting ScreenOutdoorApplicationTests using Java 23.0.2 with PID 30056 (started by Admin in E:\SpringBoot\ScreenOutdoor\ScreenOutdoor)
2025-06-15T15:39:17.209+07:00  INFO 30056 --- [ScreenOutdoor] [main] c.e.S.ScreenOutdoorApplicationTests      : No active profile set, falling back to 1 default profile: "default"
2025-06-15T15:39:17.914+07:00  INFO 30056 --- [ScreenOutdoor] [main] .s.d.r.c.RepositoryConfigurationDelegate : Multiple Spring Data modules found, entering strict repository configuration mode
2025-06-15T15:39:17.915+07:00  INFO 30056 --- [ScreenOutdoor] [main] .s.d.r.c.RepositoryConfigurationDelegate : Bootstrapping Spring Data JDBC repositories in DEFAULT mode.
2025-06-15T15:39:17.931+07:00  INFO 30056 --- [ScreenOutdoor] [main] .s.d.r.c.RepositoryConfigurationDelegate : Finished Spring Data repository scanning in 11 ms. Found 0 JDBC repository interfaces.
2025-06-15T15:39:17.944+07:00  INFO 30056 --- [ScreenOutdoor] [main] .s.d.r.c.RepositoryConfigurationDelegate : Multiple Spring Data modules found, entering strict repository configuration mode
2025-06-15T15:39:17.945+07:00  INFO 30056 --- [ScreenOutdoor] [main] .s.d.r.c.RepositoryConfigurationDelegate : Bootstrapping Spring Data JPA repositories in DEFAULT mode.
2025-06-15T15:39:17.952+07:00  INFO 30056 --- [ScreenOutdoor] [main] .s.d.r.c.RepositoryConfigurationDelegate : Finished Spring Data repository scanning in 3 ms. Found 0 JPA repository interfaces.
2025-06-15T15:39:18.438+07:00  INFO 30056 --- [ScreenOutdoor] [main] com.zaxxer.hikari.HikariDataSource       : HikariPool-1 - Starting...
2025-06-15T15:39:18.808+07:00  INFO 30056 --- [ScreenOutdoor] [main] com.zaxxer.hikari.pool.HikariPool        : HikariPool-1 - Added connection ConnectionID:1 ClientConnectionId: d1eb2a0d-5c34-41b2-9d9d-fb97b357254f
2025-06-15T15:39:18.810+07:00  INFO 30056 --- [ScreenOutdoor] [main] com.zaxxer.hikari.HikariDataSource       : HikariPool-1 - Start completed.
2025-06-15T15:39:18.874+07:00  INFO 30056 --- [ScreenOutdoor] [main] o.hibernate.jpa.internal.util.LogHelper  : HHH000204: Processing PersistenceUnitInfo [name: default]
2025-06-15T15:39:18.924+07:00  INFO 30056 --- [ScreenOutdoor] [main] org.hibernate.Version                    : HHH000412: Hibernate ORM core version 6.5.3.Final
2025-06-15T15:39:18.960+07:00  INFO 30056 --- [ScreenOutdoor] [main] o.h.c.internal.RegionFactoryInitiator    : HHH000026: Second-level cache disabled
2025-06-15T15:39:19.297+07:00  INFO 30056 --- [ScreenOutdoor] [main] o.s.o.j.p.SpringPersistenceUnitInfo      : No LoadTimeWeaver setup: ignoring JPA class transformer
2025-06-15T15:39:19.739+07:00  INFO 30056 --- [ScreenOutdoor] [main] o.h.e.t.j.p.i.JtaPlatformInitiator       : HHH000489: No JTA platform available (set 'hibernate.transaction.jta.platform' to enable JTA platform integration)
2025-06-15T15:39:19.744+07:00  INFO 30056 --- [ScreenOutdoor] [main] j.LocalContainerEntityManagerFactoryBean : Initialized JPA EntityManagerFactory for persistence unit 'default'
2025-06-15T15:39:19.990+07:00  WARN 30056 --- [ScreenOutdoor] [main] JpaBaseConfiguration$JpaWebConfiguration : spring.jpa.open-in-view is enabled by default. Therefore, database queries may be performed during view rendering. Explicitly configure spring.jpa.open-in-view to disable this warning
2025-06-15T15:39:20.031+07:00  INFO 30056 --- [ScreenOutdoor] [main] o.s.b.a.w.s.WelcomePageHandlerMapping    : Adding welcome page template: index
2025-06-15T15:39:20.419+07:00  WARN 30056 --- [ScreenOutdoor] [main] o.s.data.convert.CustomConversions       : Registering converter from class microsoft.sql.DateTimeOffset to class java.time.OffsetDateTime as reading converter although it doesn't convert from a store-supported type; You might want to check your annotation setup at the converter implementation
2025-06-15T15:39:20.562+07:00  INFO 30056 --- [ScreenOutdoor] [main] c.e.S.ScreenOutdoorApplicationTests      : Started ScreenOutdoorApplicationTests in 3.76 seconds (process running for 4.724)
2025-06-15T15:39:21.385+07:00  INFO 30056 --- [ScreenOutdoor] [SpringApplicationShutdownHook] j.LocalContainerEntityManagerFactoryBean : Closing JPA EntityManagerFactory for persistence unit 'default'
2025-06-15T15:39:21.389+07:00  INFO 30056 --- [ScreenOutdoor] [SpringApplicationShutdownHook] com.zaxxer.hikari.HikariDataSource       : HikariPool-1 - Shutdown initiated...
2025-06-15T15:39:21.398+07:00  INFO 30056 --- [ScreenOutdoor] [SpringApplicationShutdownHook] com.zaxxer.hikari.HikariDataSource       : HikariPool-1 - Shutdown completed.
2025-06-15T15:49:24.224+07:00  INFO 12268 --- [ScreenOutdoor] [main] c.e.S.ScreenOutdoorApplicationTests      : Starting ScreenOutdoorApplicationTests using Java 23.0.2 with PID 12268 (started by Admin in E:\SpringBoot\ScreenOutdoor\ScreenOutdoor)
2025-06-15T15:49:24.230+07:00  INFO 12268 --- [ScreenOutdoor] [main] c.e.S.ScreenOutdoorApplicationTests      : No active profile set, falling back to 1 default profile: "default"
2025-06-15T15:49:25.048+07:00  INFO 12268 --- [ScreenOutdoor] [main] .s.d.r.c.RepositoryConfigurationDelegate : Multiple Spring Data modules found, entering strict repository configuration mode
2025-06-15T15:49:25.050+07:00  INFO 12268 --- [ScreenOutdoor] [main] .s.d.r.c.RepositoryConfigurationDelegate : Bootstrapping Spring Data JDBC repositories in DEFAULT mode.
2025-06-15T15:49:25.066+07:00  INFO 12268 --- [ScreenOutdoor] [main] .s.d.r.c.RepositoryConfigurationDelegate : Finished Spring Data repository scanning in 12 ms. Found 0 JDBC repository interfaces.
2025-06-15T15:49:25.079+07:00  INFO 12268 --- [ScreenOutdoor] [main] .s.d.r.c.RepositoryConfigurationDelegate : Multiple Spring Data modules found, entering strict repository configuration mode
2025-06-15T15:49:25.080+07:00  INFO 12268 --- [ScreenOutdoor] [main] .s.d.r.c.RepositoryConfigurationDelegate : Bootstrapping Spring Data JPA repositories in DEFAULT mode.
2025-06-15T15:49:25.086+07:00  INFO 12268 --- [ScreenOutdoor] [main] .s.d.r.c.RepositoryConfigurationDelegate : Finished Spring Data repository scanning in 3 ms. Found 0 JPA repository interfaces.
2025-06-15T15:49:25.571+07:00  INFO 12268 --- [ScreenOutdoor] [main] com.zaxxer.hikari.HikariDataSource       : HikariPool-1 - Starting...
2025-06-15T15:49:26.025+07:00  INFO 12268 --- [ScreenOutdoor] [main] com.zaxxer.hikari.pool.HikariPool        : HikariPool-1 - Added connection ConnectionID:1 ClientConnectionId: 8908b359-0cd0-411d-b036-e743e0dcae60
2025-06-15T15:49:26.026+07:00  INFO 12268 --- [ScreenOutdoor] [main] com.zaxxer.hikari.HikariDataSource       : HikariPool-1 - Start completed.
2025-06-15T15:49:26.071+07:00  INFO 12268 --- [ScreenOutdoor] [main] o.hibernate.jpa.internal.util.LogHelper  : HHH000204: Processing PersistenceUnitInfo [name: default]
2025-06-15T15:49:26.119+07:00  INFO 12268 --- [ScreenOutdoor] [main] org.hibernate.Version                    : HHH000412: Hibernate ORM core version 6.5.3.Final
2025-06-15T15:49:26.161+07:00  INFO 12268 --- [ScreenOutdoor] [main] o.h.c.internal.RegionFactoryInitiator    : HHH000026: Second-level cache disabled
2025-06-15T15:49:26.480+07:00  INFO 12268 --- [ScreenOutdoor] [main] o.s.o.j.p.SpringPersistenceUnitInfo      : No LoadTimeWeaver setup: ignoring JPA class transformer
2025-06-15T15:49:27.007+07:00  INFO 12268 --- [ScreenOutdoor] [main] o.h.e.t.j.p.i.JtaPlatformInitiator       : HHH000489: No JTA platform available (set 'hibernate.transaction.jta.platform' to enable JTA platform integration)
2025-06-15T15:49:27.020+07:00  INFO 12268 --- [ScreenOutdoor] [main] j.LocalContainerEntityManagerFactoryBean : Initialized JPA EntityManagerFactory for persistence unit 'default'
2025-06-15T15:49:27.376+07:00  WARN 12268 --- [ScreenOutdoor] [main] JpaBaseConfiguration$JpaWebConfiguration : spring.jpa.open-in-view is enabled by default. Therefore, database queries may be performed during view rendering. Explicitly configure spring.jpa.open-in-view to disable this warning
2025-06-15T15:49:27.423+07:00  INFO 12268 --- [ScreenOutdoor] [main] o.s.b.a.w.s.WelcomePageHandlerMapping    : Adding welcome page template: index
2025-06-15T15:49:27.830+07:00  WARN 12268 --- [ScreenOutdoor] [main] o.s.data.convert.CustomConversions       : Registering converter from class microsoft.sql.DateTimeOffset to class java.time.OffsetDateTime as reading converter although it doesn't convert from a store-supported type; You might want to check your annotation setup at the converter implementation
2025-06-15T15:49:27.969+07:00  INFO 12268 --- [ScreenOutdoor] [main] c.e.S.ScreenOutdoorApplicationTests      : Started ScreenOutdoorApplicationTests in 4.062 seconds (process running for 5.062)
2025-06-15T15:49:28.745+07:00  INFO 12268 --- [ScreenOutdoor] [SpringApplicationShutdownHook] j.LocalContainerEntityManagerFactoryBean : Closing JPA EntityManagerFactory for persistence unit 'default'
2025-06-15T15:49:28.747+07:00  INFO 12268 --- [ScreenOutdoor] [SpringApplicationShutdownHook] com.zaxxer.hikari.HikariDataSource       : HikariPool-1 - Shutdown initiated...
2025-06-15T15:49:28.752+07:00  INFO 12268 --- [ScreenOutdoor] [SpringApplicationShutdownHook] com.zaxxer.hikari.HikariDataSource       : HikariPool-1 - Shutdown completed.
